This is pdfTeX, Version 3.14159265-2.6-1.40.17 (TeX Live 2016) (preloaded format=pdflatex 2017.5.6)  4 JUN 2017 00:57
entering extended mode
 restricted \write18 enabled.
 file:line:error style messages enabled.
 %&-line parsing enabled.
**relatorio_poo.tex
(./relatorio_poo.tex
LaTeX2e <2016/03/31>
Babel <3.9r> and hyphenation patterns for 83 language(s) loaded.
(./llncs.cls
Document Class: llncs 2004/08/17 v2.14 
 LaTeX document class for Lecture Notes in Computer Science
(/usr/local/texlive/2016/texmf-dist/tex/latex/base/article.cls
Document Class: article 2014/09/29 v1.4h Standard LaTeX document class
(/usr/local/texlive/2016/texmf-dist/tex/latex/base/size10.clo
File: size10.clo 2014/09/29 v1.4h Standard LaTeX file (size option)
)
\c@part=\count79
\c@section=\count80
\c@subsection=\count81
\c@subsubsection=\count82
\c@paragraph=\count83
\c@subparagraph=\count84
\c@figure=\count85
\c@table=\count86
\abovecaptionskip=\skip41
\belowcaptionskip=\skip42
\bibindent=\dimen102
)
(/usr/local/texlive/2016/texmf-dist/tex/latex/tools/multicol.sty
Package: multicol 2016/04/07 v1.8p multicolumn formatting (FMi)
\c@tracingmulticols=\count87
\mult@box=\box26
\multicol@leftmargin=\dimen103
\c@unbalance=\count88
\c@collectmore=\count89
\doublecol@number=\count90
\multicoltolerance=\count91
\multicolpretolerance=\count92
\full@width=\dimen104
\page@free=\dimen105
\premulticols=\dimen106
\postmulticols=\dimen107
\multicolsep=\skip43
\multicolbaselineskip=\skip44
\partial@page=\box27
\last@line=\box28
\maxbalancingoverflow=\dimen108
\mult@rightbox=\box29
\mult@grightbox=\box30
\mult@gfirstbox=\box31
\mult@firstbox=\box32
\@tempa=\box33
\@tempa=\box34
\@tempa=\box35
\@tempa=\box36
\@tempa=\box37
\@tempa=\box38
\@tempa=\box39
\@tempa=\box40
\@tempa=\box41
\@tempa=\box42
\@tempa=\box43
\@tempa=\box44
\@tempa=\box45
\@tempa=\box46
\@tempa=\box47
\@tempa=\box48
\@tempa=\box49
\c@columnbadness=\count93
\c@finalcolumnbadness=\count94
\last@try=\dimen109
\multicolovershoot=\dimen110
\multicolundershoot=\dimen111
\mult@nat@firstbox=\box50
\colbreak@box=\box51
\mc@col@check@num=\count95
)
\c@chapter=\count96
LaTeX Font Info:    Redeclaring math symbol \Gamma on input line 360.
LaTeX Font Info:    Redeclaring math symbol \Delta on input line 361.
LaTeX Font Info:    Redeclaring math symbol \Theta on input line 362.
LaTeX Font Info:    Redeclaring math symbol \Lambda on input line 363.
LaTeX Font Info:    Redeclaring math symbol \Xi on input line 364.
LaTeX Font Info:    Redeclaring math symbol \Pi on input line 365.
LaTeX Font Info:    Redeclaring math symbol \Sigma on input line 366.
LaTeX Font Info:    Redeclaring math symbol \Upsilon on input line 367.
LaTeX Font Info:    Redeclaring math symbol \Phi on input line 368.
LaTeX Font Info:    Redeclaring math symbol \Psi on input line 369.
LaTeX Font Info:    Redeclaring math symbol \Omega on input line 370.
\tocchpnum=\dimen112
\tocsecnum=\dimen113
\tocsectotal=\dimen114
\tocsubsecnum=\dimen115
\tocsubsectotal=\dimen116
\tocsubsubsecnum=\dimen117
\tocsubsubsectotal=\dimen118
\tocparanum=\dimen119
\tocparatotal=\dimen120
\tocsubparanum=\dimen121
\@tempcntc=\count97
\fnindent=\dimen122
\c@@inst=\count98
\c@@auth=\count99
\c@auco=\count100
\instindent=\dimen123
\authrun=\box52
\authorrunning=\toks14
\tocauthor=\toks15
\titrun=\box53
\titlerunning=\toks16
\toctitle=\toks17
\c@theorem=\count101
\c@case=\count102
\c@conjecture=\count103
\c@corollary=\count104
\c@definition=\count105
\c@example=\count106
\c@exercise=\count107
\c@lemma=\count108
\c@note=\count109
\c@problem=\count110
\c@property=\count111
\c@proposition=\count112
\c@question=\count113
\c@solution=\count114
\c@remark=\count115
\headlineindent=\dimen124
)
(/usr/local/texlive/2016/texmf-dist/tex/generic/babel/babel.sty
Package: babel 2016/04/23 3.9r The Babel package

(/usr/local/texlive/2016/texmf-dist/tex/generic/babel-portuges/portuges.ldf
Language: portuges 2008/03/18 v1.2q Portuguese support from the babel system

(/usr/local/texlive/2016/texmf-dist/tex/generic/babel/babel.def
File: babel.def 2016/04/23 3.9r Babel common definitions
\babel@savecnt=\count116
\U@D=\dimen125
)
Package babel Info: Making " an active character on input line 145.
))
(/usr/local/texlive/2016/texmf-dist/tex/latex/psnfss/times.sty
Package: times 2005/04/12 PSNFSS-v9.2a (SPQR) 
)
(/usr/local/texlive/2016/texmf-dist/tex/latex/base/fontenc.sty
Package: fontenc 2005/09/27 v1.99g Standard LaTeX package

(/usr/local/texlive/2016/texmf-dist/tex/latex/base/t1enc.def
File: t1enc.def 2005/09/27 v1.99g Standard LaTeX file
LaTeX Font Info:    Redeclaring font encoding T1 on input line 48.
))
(/usr/local/texlive/2016/texmf-dist/tex/latex/base/inputenc.sty
Package: inputenc 2015/03/17 v1.2c Input encoding file
\inpenc@prehook=\toks18
\inpenc@posthook=\toks19

(/usr/local/texlive/2016/texmf-dist/tex/latex/base/applemac.def
File: applemac.def 2015/03/17 v1.2c Input encoding file
))
(/usr/local/texlive/2016/texmf-dist/tex/latex/ntgclass/a4.sty
Package: a4 2004/04/15 v1.2g A4 based page layout
)
(/usr/local/texlive/2016/texmf-dist/tex/latex/geometry/geometry.sty
Package: geometry 2010/09/12 v5.6 Page Geometry

(/usr/local/texlive/2016/texmf-dist/tex/latex/graphics/keyval.sty
Package: keyval 2014/10/28 v1.15 key=value parser (DPC)
\KV@toks@=\toks20
)
(/usr/local/texlive/2016/texmf-dist/tex/generic/oberdiek/ifpdf.sty
Package: ifpdf 2016/05/14 v3.1 Provides the ifpdf switch
)
(/usr/local/texlive/2016/texmf-dist/tex/generic/oberdiek/ifvtex.sty
Package: ifvtex 2016/05/16 v1.6 Detect VTeX and its facilities (HO)
Package ifvtex Info: VTeX not detected.
)
(/usr/local/texlive/2016/texmf-dist/tex/generic/ifxetex/ifxetex.sty
Package: ifxetex 2010/09/12 v0.6 Provides ifxetex conditional
)
\Gm@cnth=\count117
\Gm@cntv=\count118
\c@Gm@tempcnt=\count119
\Gm@bindingoffset=\dimen126
\Gm@wd@mp=\dimen127
\Gm@odd@mp=\dimen128
\Gm@even@mp=\dimen129
\Gm@layoutwidth=\dimen130
\Gm@layoutheight=\dimen131
\Gm@layouthoffset=\dimen132
\Gm@layoutvoffset=\dimen133
\Gm@dimlist=\toks21
)
(/usr/local/texlive/2016/texmf-dist/tex/latex/oberdiek/epstopdf.sty
Package: epstopdf 2016/05/15 v2.6 Conversion with epstopdf on the fly (HO)

(/usr/local/texlive/2016/texmf-dist/tex/latex/oberdiek/epstopdf-base.sty
Package: epstopdf-base 2016/05/15 v2.6 Base part for package epstopdf

(/usr/local/texlive/2016/texmf-dist/tex/generic/oberdiek/infwarerr.sty
Package: infwarerr 2016/05/16 v1.4 Providing info/warning/error messages (HO)
)
(/usr/local/texlive/2016/texmf-dist/tex/latex/oberdiek/grfext.sty
Package: grfext 2016/05/16 v1.2 Manage graphics extensions (HO)

(/usr/local/texlive/2016/texmf-dist/tex/generic/oberdiek/kvdefinekeys.sty
Package: kvdefinekeys 2016/05/16 v1.4 Define keys (HO)

(/usr/local/texlive/2016/texmf-dist/tex/generic/oberdiek/ltxcmds.sty
Package: ltxcmds 2016/05/16 v1.23 LaTeX kernel commands for general use (HO)
)))
(/usr/local/texlive/2016/texmf-dist/tex/latex/oberdiek/kvoptions.sty
Package: kvoptions 2016/05/16 v3.12 Key value format for package options (HO)

(/usr/local/texlive/2016/texmf-dist/tex/generic/oberdiek/kvsetkeys.sty
Package: kvsetkeys 2016/05/16 v1.17 Key value parser (HO)

(/usr/local/texlive/2016/texmf-dist/tex/generic/oberdiek/etexcmds.sty
Package: etexcmds 2016/05/16 v1.6 Avoid name clashes with e-TeX commands (HO)

(/usr/local/texlive/2016/texmf-dist/tex/generic/oberdiek/ifluatex.sty
Package: ifluatex 2016/05/16 v1.4 Provides the ifluatex switch (HO)
Package ifluatex Info: LuaTeX not detected.
)
Package etexcmds Info: Could not find \expanded.
(etexcmds)             That can mean that you are not using pdfTeX 1.50 or
(etexcmds)             that some package has redefined \expanded.
(etexcmds)             In the latter case, load this package earlier.
)))
(/usr/local/texlive/2016/texmf-dist/tex/generic/oberdiek/pdftexcmds.sty
Package: pdftexcmds 2016/05/10 v0.21 Utility functions of pdfTeX for LuaTeX (HO
)
Package pdftexcmds Info: LuaTeX not detected.
Package pdftexcmds Info: \pdf@primitive is available.
Package pdftexcmds Info: \pdf@ifprimitive is available.
Package pdftexcmds Info: \pdfdraftmode found.
)

Package epstopdf Warning: No graphics package `graphic{s,x}' loaded.

)) (/usr/local/texlive/2016/texmf-dist/tex/latex/graphics/graphicx.sty
Package: graphicx 2014/10/28 v1.0g Enhanced LaTeX Graphics (DPC,SPQR)

(/usr/local/texlive/2016/texmf-dist/tex/latex/graphics/graphics.sty
Package: graphics 2016/05/09 v1.0r Standard LaTeX Graphics (DPC,SPQR)

(/usr/local/texlive/2016/texmf-dist/tex/latex/graphics/trig.sty
Package: trig 2016/01/03 v1.10 sin cos tan (DPC)
)
(/usr/local/texlive/2016/texmf-dist/tex/latex/graphics-cfg/graphics.cfg
File: graphics.cfg 2016/01/02 v1.10 sample graphics configuration
)
Package graphics Info: Driver file: pdftex.def on input line 96.

(/usr/local/texlive/2016/texmf-dist/tex/latex/pdftex-def/pdftex.def
File: pdftex.def 2011/05/27 v0.06d Graphics/color for pdfTeX
\Gread@gobject=\count120
))
\Gin@req@height=\dimen134
\Gin@req@width=\dimen135
)
(/usr/local/texlive/2016/texmf-dist/tex/latex/fancyvrb/fancyvrb.sty
Package: fancyvrb 2008/02/07

Style option: `fancyvrb' v2.7a, with DG/SPQR fixes, and firstline=lastline fix 
<2008/02/07> (tvz)
\FV@CodeLineNo=\count121
\FV@InFile=\read1
\FV@TabBox=\box54
\c@FancyVerbLine=\count122
\FV@StepNumber=\count123
\FV@OutFile=\write3
)
(/usr/local/texlive/2016/texmf-dist/tex/latex/amsmath/amsmath.sty
Package: amsmath 2016/03/10 v2.15b AMS math features
\@mathmargin=\skip45

For additional information on amsmath, use the `?' option.
(/usr/local/texlive/2016/texmf-dist/tex/latex/amsmath/amstext.sty
Package: amstext 2000/06/29 v2.01 AMS text

(/usr/local/texlive/2016/texmf-dist/tex/latex/amsmath/amsgen.sty
File: amsgen.sty 1999/11/30 v2.0 generic functions
\@emptytoks=\toks22
\ex@=\dimen136
))
(/usr/local/texlive/2016/texmf-dist/tex/latex/amsmath/amsbsy.sty
Package: amsbsy 1999/11/29 v1.2d Bold Symbols
\pmbraise@=\dimen137
)
(/usr/local/texlive/2016/texmf-dist/tex/latex/amsmath/amsopn.sty
Package: amsopn 2016/03/08 v2.02 operator names
)
\inf@bad=\count124
LaTeX Info: Redefining \frac on input line 199.
\uproot@=\count125
\leftroot@=\count126
LaTeX Info: Redefining \overline on input line 297.
\classnum@=\count127
\DOTSCASE@=\count128
LaTeX Info: Redefining \ldots on input line 394.
LaTeX Info: Redefining \dots on input line 397.
LaTeX Info: Redefining \cdots on input line 518.
\Mathstrutbox@=\box55
\strutbox@=\box56
\big@size=\dimen138
LaTeX Font Info:    Redeclaring font encoding OML on input line 634.
LaTeX Font Info:    Redeclaring font encoding OMS on input line 635.


Package amsmath Warning: Unable to redefine math accent \vec.

\macc@depth=\count129
\c@MaxMatrixCols=\count130
\dotsspace@=\muskip10
\c@parentequation=\count131
\dspbrk@lvl=\count132
\tag@help=\toks23
\row@=\count133
\column@=\count134
\maxfields@=\count135
\andhelp@=\toks24
\eqnshift@=\dimen139
\alignsep@=\dimen140
\tagshift@=\dimen141
\tagwidth@=\dimen142
\totwidth@=\dimen143
\lineht@=\dimen144
\@envbody=\toks25
\multlinegap=\skip46
\multlinetaggap=\skip47
\mathdisplay@stack=\toks26
LaTeX Info: Redefining \[ on input line 2739.
LaTeX Info: Redefining \] on input line 2740.
) (/usr/local/texlive/2016/texmf-dist/tex/latex/float/float.sty
Package: float 2001/11/08 v1.3d Float enhancements (AL)
\c@float@type=\count136
\float@exts=\toks27
\float@box=\box57
\@float@everytoks=\toks28
\@floatcapt=\box58
)
(./relatorio_poo.aux)
\openout1 = `relatorio_poo.aux'.

LaTeX Font Info:    Checking defaults for OML/cmm/m/it on input line 21.
LaTeX Font Info:    ... okay on input line 21.
LaTeX Font Info:    Checking defaults for T1/cmr/m/n on input line 21.
LaTeX Font Info:    ... okay on input line 21.
LaTeX Font Info:    Checking defaults for OT1/cmr/m/n on input line 21.
LaTeX Font Info:    ... okay on input line 21.
LaTeX Font Info:    Checking defaults for OMS/cmsy/m/n on input line 21.
LaTeX Font Info:    ... okay on input line 21.
LaTeX Font Info:    Checking defaults for OMX/cmex/m/n on input line 21.
LaTeX Font Info:    ... okay on input line 21.
LaTeX Font Info:    Checking defaults for U/cmr/m/n on input line 21.
LaTeX Font Info:    ... okay on input line 21.
LaTeX Font Info:    Try loading font information for T1+ptm on input line 21.

(/usr/local/texlive/2016/texmf-dist/tex/latex/psnfss/t1ptm.fd
File: t1ptm.fd 2001/06/04 font definitions for T1/ptm.
)
*geometry* driver: auto-detecting
*geometry* detected driver: pdftex
*geometry* verbose mode - [ preamble ] result:
* driver: pdftex
* paper: <default>
* layout: <same size as paper>
* layoutoffset:(h,v)=(0.0pt,0.0pt)
* modes: twoside 
* h-part:(L,W,R)=(85.35826pt, 443.57848pt, 85.35826pt)
* v-part:(T,H,B)=(85.35826pt, 624.25346pt, 85.35826pt)
* \paperwidth=614.295pt
* \paperheight=794.96999pt
* \textwidth=443.57848pt
* \textheight=624.25346pt
* \oddsidemargin=13.08827pt
* \evensidemargin=13.08827pt
* \topmargin=13.08827pt
* \headheight=0.0pt
* \headsep=0.0pt
* \topskip=10.0pt
* \footskip=30.0pt
* \marginparwidth=72.26999pt
* \marginparsep=11.0pt
* \columnsep=10.0pt
* \skip\footins=9.0pt plus 4.0pt minus 2.0pt
* \hoffset=0.0pt
* \voffset=0.0pt
* \mag=1000
* \@twocolumnfalse
* \@twosidetrue
* \@mparswitchtrue
* \@reversemarginfalse
* (1in=72.27pt=25.4mm, 1cm=28.453pt)

(/usr/local/texlive/2016/texmf-dist/tex/context/base/mkii/supp-pdf.mkii
[Loading MPS to PDF converter (version 2006.09.02).]
\scratchcounter=\count137
\scratchdimen=\dimen145
\scratchbox=\box59
\nofMPsegments=\count138
\nofMParguments=\count139
\everyMPshowfont=\toks29
\MPscratchCnt=\count140
\MPscratchDim=\dimen146
\MPnumerator=\count141
\makeMPintoPDFobject=\count142
\everyMPtoPDFconversion=\toks30
)
LaTeX Font Info:    Font shape `T1/ptm/bx/n' in size <14.4> not available
(Font)              Font shape `T1/ptm/b/n' tried instead on input line 38.
 <./images/daniel.jpg, id=1, 293.095pt x 293.095pt>
File: ./images/daniel.jpg Graphic file (type jpg)
 <use ./images/daniel.jpg>
Package pdftex.def Info: ./images/daniel.jpg used on input line 41.
(pdftex.def)             Requested size: 137.50824pt x 137.50421pt.

<./images/elisio.jpg, id=2, 1352.05125pt x 1352.05125pt>
File: ./images/elisio.jpg Graphic file (type jpg)

<use ./images/elisio.jpg>
Package pdftex.def Info: ./images/elisio.jpg used on input line 45.
(pdftex.def)             Requested size: 137.50824pt x 137.50304pt.
 <./images/nuno.jpg, id=3, 344.28625pt x 344.28625pt>
File: ./images/nuno.jpg Graphic file (type jpg)

<use ./images/nuno.jpg>
Package pdftex.def Info: ./images/nuno.jpg used on input line 49.
(pdftex.def)             Requested size: 128.63477pt x 128.63422pt.
LaTeX Font Info:    Font shape `T1/ptm/bx/n' in size <9> not available
(Font)              Font shape `T1/ptm/b/n' tried instead on input line 54.
LaTeX Font Info:    Font shape `T1/ptm/bx/n' in size <12> not available
(Font)              Font shape `T1/ptm/b/n' tried instead on input line 60.
LaTeX Font Info:    Font shape `T1/ptm/bx/n' in size <10> not available
(Font)              Font shape `T1/ptm/b/n' tried instead on input line 64.
 [1


{/usr/local/texlive/2016/texmf-var/fonts/map/pdftex/updmap/pdftex.map} <./image
s/daniel.jpg> <./images/elisio.jpg> <./images/nuno.jpg>] <./images/runningApp/m
apUMeR.png, id=14, 469.755pt x 229.85875pt>
File: ./images/runningApp/mapUMeR.png Graphic file (type png)

<use ./images/runningApp/mapUMeR.png>
Package pdftex.def Info: ./images/runningApp/mapUMeR.png used on input line 68.

(pdftex.def)             Requested size: 227.62204pt x 111.37964pt.

<./images/runningApp/listUser.png, id=16, 617.30624pt x 213.79875pt>
File: ./images/runningApp/listUser.png Graphic file (type png)

<use ./images/runningApp/listUser.png>
Package pdftex.def Info: ./images/runningApp/listUser.png used on input line 80
.
(pdftex.def)             Requested size: 227.62204pt x 78.83351pt.

<./images/runningApp/typeAbstraction.png, id=17, 715.67375pt x 252.945pt>
File: ./images/runningApp/typeAbstraction.png Graphic file (type png)

<use ./images/runningApp/typeAbstraction.png>
Package pdftex.def Info: ./images/runningApp/typeAbstraction.png used on input 
line 89.
(pdftex.def)             Requested size: 227.62204pt x 80.44615pt.
 [2 <./images/runningApp/mapUMeR.png> <./images/runningApp/listUser.png>] [3 <.
/images/runningApp/typeAbstraction.png>] [4] <./images/hierarquia.png, id=30, 9
60.58875pt x 671.50874pt>
File: ./images/hierarquia.png Graphic file (type png)

<use ./images/hierarquia.png>
Package pdftex.def Info: ./images/hierarquia.png used on input line 149.
(pdftex.def)             Requested size: 443.57848pt x 310.08635pt.

Underfull \vbox (badness 1389) has occurred while \output is active []

 [5]
<./images/exceptions.png, id=34, 487.8225pt x 466.74374pt>
File: ./images/exceptions.png Graphic file (type png)

<use ./images/exceptions.png>
Package pdftex.def Info: ./images/exceptions.png used on input line 156.
(pdftex.def)             Requested size: 227.62204pt x 217.78851pt.
 [6 <./images/hierarquia.png> <./images/exceptions.png>]
<./images/runningApp/notLoggedMenu.png, id=40, 498.86375pt x 322.20375pt>
File: ./images/runningApp/notLoggedMenu.png Graphic file (type png)

<use ./images/runningApp/notLoggedMenu.png>
Package pdftex.def Info: ./images/runningApp/notLoggedMenu.png used on input li
ne 171.
(pdftex.def)             Requested size: 227.62204pt x 147.01591pt.

<./images/runningApp/LoggedInMenu.png, id=41, 500.87125pt x 322.20375pt>
File: ./images/runningApp/LoggedInMenu.png Graphic file (type png)

<use ./images/runningApp/LoggedInMenu.png>
Package pdftex.def Info: ./images/runningApp/LoggedInMenu.png used on input lin
e 182.
(pdftex.def)             Requested size: 227.62204pt x 146.42593pt.
 [7 <./images/runningApp/notLoggedMenu.png> <./images/runningApp/LoggedInMenu.p
ng>]
<./images/runningApp/driverLogin.png, id=48, 499.8675pt x 281.05pt>
File: ./images/runningApp/driverLogin.png Graphic file (type png)

<use ./images/runningApp/driverLogin.png>
Package pdftex.def Info: ./images/runningApp/driverLogin.png used on input line
 193.
(pdftex.def)             Requested size: 227.62204pt x 127.98087pt.

<./images/runningApp/setLocation.png, id=49, 582.175pt x 347.2975pt>
File: ./images/runningApp/setLocation.png Graphic file (type png)

<use ./images/runningApp/setLocation.png>
Package pdftex.def Info: ./images/runningApp/setLocation.png used on input line
 203.
(pdftex.def)             Requested size: 227.62204pt x 135.78462pt.

<./images/runningApp/switchAvailability.png, id=50, 582.175pt x 348.30125pt>
File: ./images/runningApp/switchAvailability.png Graphic file (type png)

<use ./images/runningApp/switchAvailability.png>
Package pdftex.def Info: ./images/runningApp/switchAvailability.png used on inp
ut line 211.
(pdftex.def)             Requested size: 227.62204pt x 136.17708pt.

Underfull \vbox (badness 10000) has occurred while \output is active []

 [8 <./images/runningApp/driverLogin.png> <./images/runningApp/setLocation.png>
]
<./images/runningApp/Successful.png, id=56, 499.8675pt x 321.2pt>
File: ./images/runningApp/Successful.png Graphic file (type png)

<use ./images/runningApp/Successful.png>
Package pdftex.def Info: ./images/runningApp/Successful.png used on input line 
224.
(pdftex.def)             Requested size: 227.62204pt x 146.26385pt.

<./images/runningApp/LogInUnsuccessful.png, id=57, 495.8525pt x 321.2pt>
File: ./images/runningApp/LogInUnsuccessful.png Graphic file (type png)

<use ./images/runningApp/LogInUnsuccessful.png>
Package pdftex.def Info: ./images/runningApp/LogInUnsuccessful.png used on inpu
t line 233.
(pdftex.def)             Requested size: 227.62204pt x 147.44502pt.

Underfull \vbox (badness 10000) has occurred while \output is active []

 [9 <./images/runningApp/switchAvailability.png> <./images/runningApp/Successfu
l.png>]
<./images/runningApp/SignUpUser.png, id=63, 498.86375pt x 321.2pt>
File: ./images/runningApp/SignUpUser.png Graphic file (type png)

<use ./images/runningApp/SignUpUser.png>
Package pdftex.def Info: ./images/runningApp/SignUpUser.png used on input line 
244.
(pdftex.def)             Requested size: 227.62204pt x 146.55792pt.

<./images/runningApp/LoadSuccessful.png, id=64, 497.86pt x 318.18875pt>
File: ./images/runningApp/LoadSuccessful.png Graphic file (type png)

<use ./images/runningApp/LoadSuccessful.png>
Package pdftex.def Info: ./images/runningApp/LoadSuccessful.png used on input l
ine 257.
(pdftex.def)             Requested size: 227.62204pt x 145.48009pt.
 [10 <./images/runningApp/LogInUnsuccessful.png> <./images/runningApp/SignUpUse
r.png>]
<./images/runningApp/Save.png, id=70, 497.86pt x 320.19624pt>
File: ./images/runningApp/Save.png Graphic file (type png)

<use ./images/runningApp/Save.png>
Package pdftex.def Info: ./images/runningApp/Save.png used on input line 266.
(pdftex.def)             Requested size: 227.62204pt x 146.39795pt.

<./images/runningApp/4Stats.png, id=71, 498.86375pt x 320.19624pt>
File: ./images/runningApp/4Stats.png Graphic file (type png)

<use ./images/runningApp/4Stats.png>
Package pdftex.def Info: ./images/runningApp/4Stats.png used on input line 277.

(pdftex.def)             Requested size: 227.62204pt x 146.09991pt.

Underfull \vbox (badness 10000) has occurred while \output is active []

 [11 <./images/runningApp/LoadSuccessful.png> <./images/runningApp/Save.png>]
<./images/runningApp/Stats.png, id=77, 499.8675pt x 323.2075pt>
File: ./images/runningApp/Stats.png Graphic file (type png)

<use ./images/runningApp/Stats.png>
Package pdftex.def Info: ./images/runningApp/Stats.png used on input line 284.
(pdftex.def)             Requested size: 227.62204pt x 147.178pt.

<./images/runningApp/42Stats.png, id=78, 498.86375pt x 318.18875pt>
File: ./images/runningApp/42Stats.png Graphic file (type png)

<use ./images/runningApp/42Stats.png>
Package pdftex.def Info: ./images/runningApp/42Stats.png used on input line 291
.
(pdftex.def)             Requested size: 227.62204pt x 145.18393pt.

Underfull \vbox (badness 2698) has occurred while \output is active []

 [12 <./images/runningApp/4Stats.png> <./images/runningApp/Stats.png> <./images
/runningApp/42Stats.png>]
<./images/runningApp/viewProfile1.png, id=85, 498.86375pt x 290.08376pt>
File: ./images/runningApp/viewProfile1.png Graphic file (type png)

<use ./images/runningApp/viewProfile1.png>
Package pdftex.def Info: ./images/runningApp/viewProfile1.png used on input lin
e 308.
(pdftex.def)             Requested size: 227.62204pt x 132.36012pt.

<./images/runningApp/driverProfile.png, id=86, 495.8525pt x 279.0425pt>
File: ./images/runningApp/driverProfile.png Graphic file (type png)

<use ./images/runningApp/driverProfile.png>
Package pdftex.def Info: ./images/runningApp/driverProfile.png used on input li
ne 318.
(pdftex.def)             Requested size: 227.62204pt x 128.09285pt.

<./images/runningApp/vehicleProfile.png, id=87, 583.17876pt x 349.305pt>
File: ./images/runningApp/vehicleProfile.png Graphic file (type png)

<use ./images/runningApp/vehicleProfile.png>
Package pdftex.def Info: ./images/runningApp/vehicleProfile.png used on input l
ine 325.
(pdftex.def)             Requested size: 227.62204pt x 136.33499pt.

Underfull \vbox (badness 7168) has occurred while \output is active []

 [13 <./images/runningApp/viewProfile1.png> <./images/runningApp/driverProfile.
png>]
<./images/runningApp/viewProfileTripHistory.png, id=94, 499.8675pt x 457.71pt>
File: ./images/runningApp/viewProfileTripHistory.png Graphic file (type png)

<use ./images/runningApp/viewProfileTripHistory.png>
Package pdftex.def Info: ./images/runningApp/viewProfileTripHistory.png used on
 input line 335.
(pdftex.def)             Requested size: 227.62204pt x 208.426pt.

<./images/runningApp/requestTrip1.png, id=95, 500.87125pt x 323.2075pt>
File: ./images/runningApp/requestTrip1.png Graphic file (type png)

<use ./images/runningApp/requestTrip1.png>
Package pdftex.def Info: ./images/runningApp/requestTrip1.png used on input lin
e 345.
(pdftex.def)             Requested size: 227.62204pt x 146.8821pt.

Underfull \vbox (badness 10000) has occurred while \output is active []

 [14 <./images/runningApp/vehicleProfile.png> <./images/runningApp/viewProfileT
ripHistory.png>]
<./images/runningApp/requestTrip2.png, id=101, 500.87125pt x 322.20375pt>
File: ./images/runningApp/requestTrip2.png Graphic file (type png)

<use ./images/runningApp/requestTrip2.png>
Package pdftex.def Info: ./images/runningApp/requestTrip2.png used on input lin
e 354.
(pdftex.def)             Requested size: 227.62204pt x 146.42593pt.

<./images/runningApp/requestTrip3.png, id=102, 496.85625pt x 322.20375pt>
File: ./images/runningApp/requestTrip3.png Graphic file (type png)

<use ./images/runningApp/requestTrip3.png>
Package pdftex.def Info: ./images/runningApp/requestTrip3.png used on input lin
e 363.
(pdftex.def)             Requested size: 227.62204pt x 147.6108pt.

Underfull \vbox (badness 10000) has occurred while \output is active []

 [15 <./images/runningApp/requestTrip1.png> <./images/runningApp/requestTrip2.p
ng>]
<./images/runningApp/requestTripSpecific1.png, id=108, 498.86375pt x 560.0925pt
>
File: ./images/runningApp/requestTripSpecific1.png Graphic file (type png)
 <use ./images/runningApp/requestTripSpecific1.png>
Package pdftex.def Info: ./images/runningApp/requestTripSpecific1.png used on i
nput line 372.
(pdftex.def)             Requested size: 227.62204pt x 255.56036pt.

<./images/runningApp/requestTrip4.png, id=109, 497.86pt x 319.1925pt>
File: ./images/runningApp/requestTrip4.png Graphic file (type png)

<use ./images/runningApp/requestTrip4.png>
Package pdftex.def Info: ./images/runningApp/requestTrip4.png used on input lin
e 381.
(pdftex.def)             Requested size: 227.62204pt x 145.93903pt.

Underfull \vbox (badness 10000) has occurred while \output is active []

 [16 <./images/runningApp/requestTrip3.png> <./images/runningApp/requestTripSpe
cific1.png>] <./images/runningApp/requestTrip5.png, id=115, 497.86pt x 321.2pt>
File: ./images/runningApp/requestTrip5.png Graphic file (type png)

<use ./images/runningApp/requestTrip5.png>
Package pdftex.def Info: ./images/runningApp/requestTrip5.png used on input lin
e 390.
(pdftex.def)             Requested size: 227.62204pt x 146.85689pt.

<./images/runningApp/requestTrip6.png, id=116, 497.86pt x 323.2075pt>
File: ./images/runningApp/requestTrip6.png Graphic file (type png)

<use ./images/runningApp/requestTrip6.png>
Package pdftex.def Info: ./images/runningApp/requestTrip6.png used on input lin
e 399.
(pdftex.def)             Requested size: 227.62204pt x 147.77473pt.

Underfull \vbox (badness 10000) has occurred while \output is active []

 [17 <./images/runningApp/requestTrip4.png> <./images/runningApp/requestTrip5.p
ng>]
[18 <./images/runningApp/requestTrip6.png>] (./relatorio_poo.aux) ) 
Here is how much of TeX's memory you used:
 4257 strings out of 493014
 60246 string characters out of 6133352
 140169 words of memory out of 5000000
 7692 multiletter control sequences out of 15000+600000
 29924 words of font info for 41 fonts, out of 8000000 for 9000
 1141 hyphenation exceptions out of 8191
 42i,7n,32p,1311b,289s stack positions out of 5000i,500n,10000p,200000b,80000s
{/usr/local/
texlive/2016/texmf-dist/fonts/enc/dvips/base/8r.enc}</usr/local/texlive/2016/te
xmf-dist/fonts/type1/public/amsfonts/cm/cmr10.pfb></usr/local/texlive/2016/texm
f-dist/fonts/type1/public/amsfonts/cm/cmr9.pfb></usr/local/texlive/2016/texmf-d
ist/fonts/type1/urw/times/utmb8a.pfb></usr/local/texlive/2016/texmf-dist/fonts/
type1/urw/times/utmr8a.pfb></usr/local/texlive/2016/texmf-dist/fonts/type1/urw/
times/utmri8a.pfb>
Output written on relatorio_poo.pdf (18 pages, 1677325 bytes).
PDF statistics:
 145 PDF objects out of 1000 (max. 8388607)
 58 compressed objects within 1 object stream
 0 named destinations out of 1000 (max. 500000)
 161 words of extra memory for PDF output out of 10000 (max. 10000000)

